[debug] [2023-06-10T04:22:16.117Z] ----------------------------------------------------------------------
[debug] [2023-06-10T04:22:16.119Z] Command:       C:\Program Files\nodejs\node.exe C:\Users\vijen\AppData\Roaming\npm\node_modules\firebase-tools\lib\bin\firebase.js init
[debug] [2023-06-10T04:22:16.119Z] CLI Version:   12.3.1
[debug] [2023-06-10T04:22:16.120Z] Platform:      win32
[debug] [2023-06-10T04:22:16.120Z] Node Version:  v18.13.0
[debug] [2023-06-10T04:22:16.121Z] Time:          Sat Jun 10 2023 09:52:16 GMT+0530 (India Standard Time)
[debug] [2023-06-10T04:22:16.121Z] ----------------------------------------------------------------------
[debug] 
[debug] [2023-06-10T04:22:16.187Z] > command requires scopes: ["email","openid","https://www.googleapis.com/auth/cloudplatformprojects.readonly","https://www.googleapis.com/auth/firebase","https://www.googleapis.com/auth/cloud-platform"]
[debug] [2023-06-10T04:22:16.187Z] > authorizing via signed-in user (vijendersingh2507@gmail.com)
[info] 
     ######## #### ########  ######## ########     ###     ######  ########
     ##        ##  ##     ## ##       ##     ##  ##   ##  ##       ##
     ######    ##  ########  ######   ########  #########  ######  ######
     ##        ##  ##    ##  ##       ##     ## ##     ##       ## ##
     ##       #### ##     ## ######## ########  ##     ##  ######  ########

You're about to initialize a Firebase project in this directory:

  C:\Users\vijen\OneDrive\Desktop\laravel curd-app\auth-app

Before we get started, keep in mind:

  * You are initializing within an existing Firebase project directory

[info] 
=== Project Setup
[info] 
[info] First, let's associate this project directory with a Firebase project.
[info] You can create multiple project aliases by running firebase use --add, 
[info] but for now we'll just set up a default project.
[info] 
[debug] [2023-06-10T04:22:22.777Z] Using project from CLI flag: laravel-blogs
[debug] [2023-06-10T04:22:22.780Z] >>> [apiv2][query] GET https://firebase.googleapis.com/v1beta1/projects/laravel-blogs [none]
[debug] [2023-06-10T04:22:23.664Z] <<< [apiv2][status] GET https://firebase.googleapis.com/v1beta1/projects/laravel-blogs 200
[debug] [2023-06-10T04:22:23.664Z] <<< [apiv2][body] GET https://firebase.googleapis.com/v1beta1/projects/laravel-blogs {"projectId":"laravel-blogs","projectNumber":"581830869851","displayName":"laravel-blogs","name":"projects/laravel-blogs","resources":{"hostingSite":"laravel-blogs"},"state":"ACTIVE","etag":"1_f4d319b6-d42c-4380-a7a4-372b7358fdae"}
[info] i  Using project laravel-blogs (laravel-blogs) 
[info] 
=== Hosting Setup
[info] 
[info] Your public directory is the folder (relative to your project directory) that
[info] will contain Hosting assets to be uploaded with firebase deploy. If you
[info] have a build process for your assets, use your build's output directory.
[info] 
[debug] [2023-06-10T04:22:49.237Z] >>> [apiv2][query] GET https://www.gstatic.com/firebasejs/releases.json [none]
[debug] [2023-06-10T04:22:49.668Z] <<< [apiv2][status] GET https://www.gstatic.com/firebasejs/releases.json 200
[debug] [2023-06-10T04:22:49.668Z] <<< [apiv2][body] GET https://www.gstatic.com/firebasejs/releases.json {"current":{"version":"9.22.2","browserURL":"https://www.gstatic.com/firebasejs/9.22.2/firebase.js","packageURL":"https://www.gstatic.com/firebasejs/9.22.2/firebase.tgz"},"live":{"version":"9.22","browserURL":"https://www.gstatic.com/firebasejs/live/9.22/firebase.js","packageURL":"https://www.gstatic.com/firebasejs/live/9.22/firebase.tgz"},"components":{"analytics":"https://www.gstatic.com/firebasejs/9.22.2/firebase-analytics.js","app":"https://www.gstatic.com/firebasejs/9.22.2/firebase-app.js","app-check":"https://www.gstatic.com/firebasejs/9.22.2/firebase-app-check.js","auth":"https://www.gstatic.com/firebasejs/9.22.2/firebase-auth.js","auth/cordova":"https://www.gstatic.com/firebasejs/9.22.2/firebase-auth/cordova.js","auth/react-native":"https://www.gstatic.com/firebasejs/9.22.2/firebase-auth/react-native.js","functions":"https://www.gstatic.com/firebasejs/9.22.2/firebase-functions.js","firestore":"https://www.gstatic.com/firebasejs/9.22.2/firebase-firestore.js","firestore/lite":"https://www.gstatic.com/firebasejs/9.22.2/firebase-firestore/lite.js","installations":"https://www.gstatic.com/firebasejs/9.22.2/firebase-installations.js","storage":"https://www.gstatic.com/firebasejs/9.22.2/firebase-storage.js","performance":"https://www.gstatic.com/firebasejs/9.22.2/firebase-performance.js","remote-config":"https://www.gstatic.com/firebasejs/9.22.2/firebase-remote-config.js","messaging":"https://www.gstatic.com/firebasejs/9.22.2/firebase-messaging.js","messaging/sw":"https://www.gstatic.com/firebasejs/9.22.2/firebase-messaging/sw.js","database":"https://www.gstatic.com/firebasejs/9.22.2/firebase-database.js","firestore.memory":"https://www.gstatic.com/firebasejs/9.22.2/firebase-firestore.memory.js"}}
[info] +  Wrote //index.html 
[info] 
[info] i  Writing configuration info to firebase.json... 
[info] i  Writing project information to .firebaserc... 
[info] 
[info] +  Firebase initialization complete! 
[debug] [2023-06-10T04:22:59.705Z] Error: Timed out.
    at Timeout._onTimeout (C:\Users\vijen\AppData\Roaming\npm\node_modules\firebase-tools\lib\utils.js:253:49)
    at listOnTimeout (node:internal/timers:564:17)
    at process.processTimers (node:internal/timers:507:7)
[error] 
[error] Error: An unexpected error has occurred.
[debug] [2023-06-10T04:23:12.611Z] ----------------------------------------------------------------------
[debug] [2023-06-10T04:23:12.612Z] Command:       C:\Program Files\nodejs\node.exe C:\Users\vijen\AppData\Roaming\npm\node_modules\firebase-tools\lib\bin\firebase.js init
[debug] [2023-06-10T04:23:12.612Z] CLI Version:   12.3.1
[debug] [2023-06-10T04:23:12.613Z] Platform:      win32
[debug] [2023-06-10T04:23:12.613Z] Node Version:  v18.13.0
[debug] [2023-06-10T04:23:12.614Z] Time:          Sat Jun 10 2023 09:53:12 GMT+0530 (India Standard Time)
[debug] [2023-06-10T04:23:12.614Z] ----------------------------------------------------------------------
[debug] 
[debug] [2023-06-10T04:23:12.674Z] > command requires scopes: ["email","openid","https://www.googleapis.com/auth/cloudplatformprojects.readonly","https://www.googleapis.com/auth/firebase","https://www.googleapis.com/auth/cloud-platform"]
[debug] [2023-06-10T04:23:12.675Z] > authorizing via signed-in user (vijendersingh2507@gmail.com)
[info] 
     ######## #### ########  ######## ########     ###     ######  ########
     ##        ##  ##     ## ##       ##     ##  ##   ##  ##       ##
     ######    ##  ########  ######   ########  #########  ######  ######
     ##        ##  ##    ##  ##       ##     ## ##     ##       ## ##
     ##       #### ##     ## ######## ########  ##     ##  ######  ########

You're about to initialize a Firebase project in this directory:

  C:\Users\vijen\OneDrive\Desktop\laravel curd-app\auth-app

Before we get started, keep in mind:

  * You are initializing within an existing Firebase project directory

[info] 
=== Project Setup
[info] 
[info] First, let's associate this project directory with a Firebase project.
[info] You can create multiple project aliases by running firebase use --add, 
[info] but for now we'll just set up a default project.
[info] 
[debug] [2023-06-10T04:23:17.179Z] Using project from CLI flag: laravel-blogs
[debug] [2023-06-10T04:23:17.182Z] >>> [apiv2][query] GET https://firebase.googleapis.com/v1beta1/projects/laravel-blogs [none]
[debug] [2023-06-10T04:23:17.800Z] <<< [apiv2][status] GET https://firebase.googleapis.com/v1beta1/projects/laravel-blogs 200
[debug] [2023-06-10T04:23:17.800Z] <<< [apiv2][body] GET https://firebase.googleapis.com/v1beta1/projects/laravel-blogs {"projectId":"laravel-blogs","projectNumber":"581830869851","displayName":"laravel-blogs","name":"projects/laravel-blogs","resources":{"hostingSite":"laravel-blogs"},"state":"ACTIVE","etag":"1_f4d319b6-d42c-4380-a7a4-372b7358fdae"}
[info] i  Using project laravel-blogs (laravel-blogs) 
[info] 
=== Hosting Setup
[info] 
[info] Your public directory is the folder (relative to your project directory) that
[info] will contain Hosting assets to be uploaded with firebase deploy. If you
[info] have a build process for your assets, use your build's output directory.
[info] 
[debug] [2023-06-10T04:23:44.085Z] >>> [apiv2][query] GET https://www.gstatic.com/firebasejs/releases.json [none]
[debug] [2023-06-10T04:23:44.411Z] <<< [apiv2][status] GET https://www.gstatic.com/firebasejs/releases.json 200
[debug] [2023-06-10T04:23:44.412Z] <<< [apiv2][body] GET https://www.gstatic.com/firebasejs/releases.json {"current":{"version":"9.22.2","browserURL":"https://www.gstatic.com/firebasejs/9.22.2/firebase.js","packageURL":"https://www.gstatic.com/firebasejs/9.22.2/firebase.tgz"},"live":{"version":"9.22","browserURL":"https://www.gstatic.com/firebasejs/live/9.22/firebase.js","packageURL":"https://www.gstatic.com/firebasejs/live/9.22/firebase.tgz"},"components":{"analytics":"https://www.gstatic.com/firebasejs/9.22.2/firebase-analytics.js","app":"https://www.gstatic.com/firebasejs/9.22.2/firebase-app.js","app-check":"https://www.gstatic.com/firebasejs/9.22.2/firebase-app-check.js","auth":"https://www.gstatic.com/firebasejs/9.22.2/firebase-auth.js","auth/cordova":"https://www.gstatic.com/firebasejs/9.22.2/firebase-auth/cordova.js","auth/react-native":"https://www.gstatic.com/firebasejs/9.22.2/firebase-auth/react-native.js","functions":"https://www.gstatic.com/firebasejs/9.22.2/firebase-functions.js","firestore":"https://www.gstatic.com/firebasejs/9.22.2/firebase-firestore.js","firestore/lite":"https://www.gstatic.com/firebasejs/9.22.2/firebase-firestore/lite.js","installations":"https://www.gstatic.com/firebasejs/9.22.2/firebase-installations.js","storage":"https://www.gstatic.com/firebasejs/9.22.2/firebase-storage.js","performance":"https://www.gstatic.com/firebasejs/9.22.2/firebase-performance.js","remote-config":"https://www.gstatic.com/firebasejs/9.22.2/firebase-remote-config.js","messaging":"https://www.gstatic.com/firebasejs/9.22.2/firebase-messaging.js","messaging/sw":"https://www.gstatic.com/firebasejs/9.22.2/firebase-messaging/sw.js","database":"https://www.gstatic.com/firebasejs/9.22.2/firebase-database.js","firestore.memory":"https://www.gstatic.com/firebasejs/9.22.2/firebase-firestore.memory.js"}}
[info] +  Wrote //index.html 
[info] 
[info] i  Didn't detect a .git folder. Assuming C:\Users\vijen\OneDrive\Desktop\laravel curd-app\auth-app is the project root. 
[info] i  Authorizing with GitHub to upload your service account to a GitHub repository's secrets store. 
[info] 
[info] Visit this URL on this device to log in:
[info] https://github.com/login/oauth/authorize?client_id=89cf50f02ac6aaed3484&state=786498705&redirect_uri=http%3A%2F%2Flocalhost%3A9005&scope=read%3Auser%20repo%20public_repo
[info] 
[info] Waiting for authentication...
[debug] [2023-06-10T04:23:51.813Z] >>> [apiv2][query] POST https://github.com/login/oauth/access_token [none]
[debug] [2023-06-10T04:23:51.813Z] >>> [apiv2][body] POST https://github.com/login/oauth/access_token [stream]
[debug] [2023-06-10T04:23:52.602Z] <<< [apiv2][status] POST https://github.com/login/oauth/access_token 200
[debug] [2023-06-10T04:23:52.602Z] <<< [apiv2][body] POST https://github.com/login/oauth/access_token {"access_token":"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","token_type":"bearer","scope":"read:user,repo"}
[debug] [2023-06-10T04:23:52.612Z] >>> [apiv2][query] GET https://api.github.com/user [none]
[debug] [2023-06-10T04:23:53.432Z] <<< [apiv2][status] GET https://api.github.com/user 200
[debug] [2023-06-10T04:23:53.432Z] <<< [apiv2][body] GET https://api.github.com/user {"login":"vijay2507","id":87371069,"node_id":"MDQ6VXNlcjg3MzcxMDY5","avatar_url":"https://avatars.githubusercontent.com/u/87371069?v=4","gravatar_id":"","url":"https://api.github.com/users/vijay2507","html_url":"https://github.com/vijay2507","followers_url":"https://api.github.com/users/vijay2507/followers","following_url":"https://api.github.com/users/vijay2507/following{/other_user}","gists_url":"https://api.github.com/users/vijay2507/gists{/gist_id}","starred_url":"https://api.github.com/users/vijay2507/starred{/owner}{/repo}","subscriptions_url":"https://api.github.com/users/vijay2507/subscriptions","organizations_url":"https://api.github.com/users/vijay2507/orgs","repos_url":"https://api.github.com/users/vijay2507/repos","events_url":"https://api.github.com/users/vijay2507/events{/privacy}","received_events_url":"https://api.github.com/users/vijay2507/received_events","type":"User","site_admin":false,"name":"vijender","company":null,"blog":"","location":null,"email":null,"hireable":null,"bio":null,"twitter_username":"vijender2507","public_repos":6,"public_gists":0,"followers":0,"following":0,"created_at":"2021-07-13T11:38:42Z","updated_at":"2023-05-24T12:39:48Z","private_gists":0,"total_private_repos":6,"owned_private_repos":6,"disk_usage":259054,"collaborators":0,"two_factor_authentication":false,"plan":{"name":"free","space":976562499,"collaborators":0,"private_repos":10000}}
[info] 
[info] +  Success! Logged into GitHub as vijay2507 
[info] 
[debug] [2023-06-10T04:24:22.987Z] ----------------------------------------------------------------------
[debug] [2023-06-10T04:24:22.988Z] Command:       C:\Program Files\nodejs\node.exe C:\Users\vijen\AppData\Roaming\npm\node_modules\firebase-tools\lib\bin\firebase.js init
[debug] [2023-06-10T04:24:22.989Z] CLI Version:   12.3.1
[debug] [2023-06-10T04:24:22.989Z] Platform:      win32
[debug] [2023-06-10T04:24:22.989Z] Node Version:  v18.13.0
[debug] [2023-06-10T04:24:22.990Z] Time:          Sat Jun 10 2023 09:54:22 GMT+0530 (India Standard Time)
[debug] [2023-06-10T04:24:22.990Z] ----------------------------------------------------------------------
[debug] 
[debug] [2023-06-10T04:24:23.055Z] > command requires scopes: ["email","openid","https://www.googleapis.com/auth/cloudplatformprojects.readonly","https://www.googleapis.com/auth/firebase","https://www.googleapis.com/auth/cloud-platform"]
[debug] [2023-06-10T04:24:23.055Z] > authorizing via signed-in user (vijendersingh2507@gmail.com)
[info] 
     ######## #### ########  ######## ########     ###     ######  ########
     ##        ##  ##     ## ##       ##     ##  ##   ##  ##       ##
     ######    ##  ########  ######   ########  #########  ######  ######
     ##        ##  ##    ##  ##       ##     ## ##     ##       ## ##
     ##       #### ##     ## ######## ########  ##     ##  ######  ########

You're about to initialize a Firebase project in this directory:

  C:\Users\vijen\OneDrive\Desktop\laravel curd-app\auth-app

Before we get started, keep in mind:

  * You are initializing within an existing Firebase project directory

[info] 
=== Project Setup
[info] 
[info] First, let's associate this project directory with a Firebase project.
[info] You can create multiple project aliases by running firebase use --add, 
[info] but for now we'll just set up a default project.
[info] 
[debug] [2023-06-10T04:24:28.067Z] Using project from CLI flag: laravel-blogs
[debug] [2023-06-10T04:24:28.072Z] >>> [apiv2][query] GET https://firebase.googleapis.com/v1beta1/projects/laravel-blogs [none]
[debug] [2023-06-10T04:24:28.905Z] <<< [apiv2][status] GET https://firebase.googleapis.com/v1beta1/projects/laravel-blogs 200
[debug] [2023-06-10T04:24:28.905Z] <<< [apiv2][body] GET https://firebase.googleapis.com/v1beta1/projects/laravel-blogs {"projectId":"laravel-blogs","projectNumber":"581830869851","displayName":"laravel-blogs","name":"projects/laravel-blogs","resources":{"hostingSite":"laravel-blogs"},"state":"ACTIVE","etag":"1_f4d319b6-d42c-4380-a7a4-372b7358fdae"}
[info] i  Using project laravel-blogs (laravel-blogs) 
[info] 
=== Hosting Setup
[info] 
[info] Your public directory is the folder (relative to your project directory) that
[info] will contain Hosting assets to be uploaded with firebase deploy. If you
[info] have a build process for your assets, use your build's output directory.
[info] 
[debug] [2023-06-10T04:24:38.525Z] >>> [apiv2][query] GET https://www.gstatic.com/firebasejs/releases.json [none]
[debug] [2023-06-10T04:24:38.865Z] <<< [apiv2][status] GET https://www.gstatic.com/firebasejs/releases.json 200
[debug] [2023-06-10T04:24:38.865Z] <<< [apiv2][body] GET https://www.gstatic.com/firebasejs/releases.json {"current":{"version":"9.22.2","browserURL":"https://www.gstatic.com/firebasejs/9.22.2/firebase.js","packageURL":"https://www.gstatic.com/firebasejs/9.22.2/firebase.tgz"},"live":{"version":"9.22","browserURL":"https://www.gstatic.com/firebasejs/live/9.22/firebase.js","packageURL":"https://www.gstatic.com/firebasejs/live/9.22/firebase.tgz"},"components":{"analytics":"https://www.gstatic.com/firebasejs/9.22.2/firebase-analytics.js","app":"https://www.gstatic.com/firebasejs/9.22.2/firebase-app.js","app-check":"https://www.gstatic.com/firebasejs/9.22.2/firebase-app-check.js","auth":"https://www.gstatic.com/firebasejs/9.22.2/firebase-auth.js","auth/cordova":"https://www.gstatic.com/firebasejs/9.22.2/firebase-auth/cordova.js","auth/react-native":"https://www.gstatic.com/firebasejs/9.22.2/firebase-auth/react-native.js","functions":"https://www.gstatic.com/firebasejs/9.22.2/firebase-functions.js","firestore":"https://www.gstatic.com/firebasejs/9.22.2/firebase-firestore.js","firestore/lite":"https://www.gstatic.com/firebasejs/9.22.2/firebase-firestore/lite.js","installations":"https://www.gstatic.com/firebasejs/9.22.2/firebase-installations.js","storage":"https://www.gstatic.com/firebasejs/9.22.2/firebase-storage.js","performance":"https://www.gstatic.com/firebasejs/9.22.2/firebase-performance.js","remote-config":"https://www.gstatic.com/firebasejs/9.22.2/firebase-remote-config.js","messaging":"https://www.gstatic.com/firebasejs/9.22.2/firebase-messaging.js","messaging/sw":"https://www.gstatic.com/firebasejs/9.22.2/firebase-messaging/sw.js","database":"https://www.gstatic.com/firebasejs/9.22.2/firebase-database.js","firestore.memory":"https://www.gstatic.com/firebasejs/9.22.2/firebase-firestore.memory.js"}}
[info] i  Skipping write of //index.html 
[info] 
[info] i  Writing configuration info to firebase.json... 
[info] i  Writing project information to .firebaserc... 
[info] 
[info] +  Firebase initialization complete! 
[debug] [2023-06-10T04:24:51.858Z] Error: Timed out.
    at Timeout._onTimeout (C:\Users\vijen\AppData\Roaming\npm\node_modules\firebase-tools\lib\utils.js:253:49)
    at listOnTimeout (node:internal/timers:564:17)
    at process.processTimers (node:internal/timers:507:7)
[error] 
[error] Error: An unexpected error has occurred.
